<?xml version="1.0" encoding="UTF-8"?>
<!-- Generated by org.testng.reporters.JUnitReportReporter -->
<testsuite hostname="DESKTOP-0PPKKSD" failures="0" tests="1" name="testscript.HomepageTest" time="14.925" errors="0" timestamp="2024-12-05T14:53:48 IST" skipped="0">
  <testcase classname="testscript.HomepageTest" name="logout" time="14.925"/>
  <system-out/>
</testsuite> <!-- testscript.HomepageTest -->
