<?xml version="1.0" encoding="UTF-8"?>
<!-- Generated by org.testng.reporters.JUnitReportReporter -->
<testsuite hostname="DESKTOP-0PPKKSD" failures="0" tests="1" name="testscript.AdminUserSearchTest" time="6.853" errors="0" timestamp="2024-12-11T13:49:06 IST" skipped="0">
  <testcase classname="testscript.AdminUserSearchTest" name="usersearch" time="6.853"/>
  <system-out/>
</testsuite> <!-- testscript.AdminUserSearchTest -->
