<?xml version="1.0" encoding="UTF-8"?>
<!-- Generated by org.testng.reporters.JUnitReportReporter -->
<testsuite hostname="DESKTOP-0PPKKSD" failures="0" tests="1" name="testscript.SearchSubCategoryTest" time="7.983" errors="0" timestamp="2024-12-11T13:56:43 IST" skipped="0">
  <testcase classname="testscript.SearchSubCategoryTest" name="searchsubcategory" time="7.983"/>
  <system-out/>
</testsuite> <!-- testscript.SearchSubCategoryTest -->
