<?xml version="1.0" encoding="UTF-8"?>
<!-- Generated by org.testng.reporters.JUnitReportReporter -->
<testsuite hostname="DESKTOP-0PPKKSD" failures="0" tests="1" name="testscript.EditCategoryTest" time="6.302" errors="0" timestamp="2024-12-11T19:16:33 IST" skipped="0">
  <testcase classname="testscript.EditCategoryTest" name="editcategoryvalues" time="6.302"/>
  <system-out/>
</testsuite> <!-- testscript.EditCategoryTest -->
