<?xml version="1.0" encoding="UTF-8"?>
<!-- Generated by org.testng.reporters.JUnitReportReporter -->
<testsuite hostname="DESKTOP-0PPKKSD" failures="0" tests="1" name="testscript.AdminUserTest" time="7.596" errors="0" timestamp="2024-12-20T14:32:40 IST" skipped="0">
  <testcase classname="testscript.AdminUserTest" name="adminuserpage" time="7.596"/>
  <system-out/>
</testsuite> <!-- testscript.AdminUserTest -->
