<?xml version="1.0" encoding="UTF-8"?>
<!-- Generated by org.testng.reporters.JUnitReportReporter -->
<testsuite hostname="DESKTOP-0PPKKSD" failures="0" tests="2" name="testscript.UserLoginTest" time="9.279" errors="0" timestamp="2024-12-19T14:30:25 IST" skipped="0">
  <testcase classname="testscript.UserLoginTest" name="verifyInvalidUserValidPassword" time="4.893"/>
  <system-out/>
  <testcase classname="testscript.UserLoginTest" name="verifyValidUserInalidPassword" time="4.386"/>
  <system-out/>
</testsuite> <!-- testscript.UserLoginTest -->
